<?xml version="1.0" encoding="UTF-8"?>
<testsuite xmlns:xsi="http://www.w3.org/2001/XMLSchema-instance" xsi:noNamespaceSchemaLocation="https://maven.apache.org/surefire/maven-surefire-plugin/xsd/surefire-test-report-3.0.xsd" version="3.0" name="school21.spring.service.services.UsersServiceImplTest" time="0.458" tests="7" errors="0" skipped="0" failures="0">
  <properties>
    <property name="java.specification.version" value="18"/>
    <property name="sun.jnu.encoding" value="UTF-8"/>
    <property name="java.class.path" value="/Users/jcraster/Java_Bootcamp/Java_Bootcamp._Day08-0-develop/src/ex02/Service/target/test-classes:/Users/jcraster/Java_Bootcamp/Java_Bootcamp._Day08-0-develop/src/ex02/Service/target/classes:/Users/jcraster/.m2/repository/org/projectlombok/lombok/1.18.26/lombok-1.18.26.jar:/Users/jcraster/.m2/repository/org/springframework/spring-context/6.0.6/spring-context-6.0.6.jar:/Users/jcraster/.m2/repository/org/springframework/spring-aop/6.0.6/spring-aop-6.0.6.jar:/Users/jcraster/.m2/repository/org/springframework/spring-beans/6.0.6/spring-beans-6.0.6.jar:/Users/jcraster/.m2/repository/org/springframework/spring-core/6.0.6/spring-core-6.0.6.jar:/Users/jcraster/.m2/repository/org/springframework/spring-jcl/6.0.6/spring-jcl-6.0.6.jar:/Users/jcraster/.m2/repository/org/springframework/spring-expression/6.0.6/spring-expression-6.0.6.jar:/Users/jcraster/.m2/repository/org/springframework/spring-jdbc/6.0.6/spring-jdbc-6.0.6.jar:/Users/jcraster/.m2/repository/org/springframework/spring-tx/6.0.6/spring-tx-6.0.6.jar:/Users/jcraster/.m2/repository/org/postgresql/postgresql/42.5.4/postgresql-42.5.4.jar:/Users/jcraster/.m2/repository/org/checkerframework/checker-qual/3.5.0/checker-qual-3.5.0.jar:/Users/jcraster/.m2/repository/com/zaxxer/HikariCP/5.0.1/HikariCP-5.0.1.jar:/Users/jcraster/.m2/repository/org/slf4j/slf4j-simple/2.0.5/slf4j-simple-2.0.5.jar:/Users/jcraster/.m2/repository/org/junit/jupiter/junit-jupiter-engine/5.9.2/junit-jupiter-engine-5.9.2.jar:/Users/jcraster/.m2/repository/org/junit/platform/junit-platform-engine/1.9.2/junit-platform-engine-1.9.2.jar:/Users/jcraster/.m2/repository/org/apiguardian/apiguardian-api/1.1.2/apiguardian-api-1.1.2.jar:/Users/jcraster/.m2/repository/org/junit/jupiter/junit-jupiter-params/5.9.2/junit-jupiter-params-5.9.2.jar:/Users/jcraster/.m2/repository/org/junit/jupiter/junit-jupiter-api/5.9.2/junit-jupiter-api-5.9.2.jar:/Users/jcraster/.m2/repository/org/opentest4j/opentest4j/1.2.0/opentest4j-1.2.0.jar:/Users/jcraster/.m2/repository/org/junit/platform/junit-platform-commons/1.9.2/junit-platform-commons-1.9.2.jar:/Users/jcraster/.m2/repository/org/slf4j/slf4j-api/2.0.5/slf4j-api-2.0.5.jar:/Users/jcraster/.m2/repository/org/hsqldb/hsqldb/2.7.1/hsqldb-2.7.1.jar:"/>
    <property name="java.vm.vendor" value="Oracle Corporation"/>
    <property name="sun.arch.data.model" value="64"/>
    <property name="java.vendor.url" value="https://java.oracle.com/"/>
    <property name="user.timezone" value="Asia/Novosibirsk"/>
    <property name="os.name" value="Mac OS X"/>
    <property name="java.vm.specification.version" value="18"/>
    <property name="sun.java.launcher" value="SUN_STANDARD"/>
    <property name="user.country" value="US"/>
    <property name="sun.boot.library.path" value="/Library/Java/JavaVirtualMachines/jdk-18.0.1.1.jdk/Contents/Home/lib"/>
    <property name="sun.java.command" value="/Users/jcraster/Java_Bootcamp/Java_Bootcamp._Day08-0-develop/src/ex02/Service/target/surefire/surefirebooter4823659403533694405.jar /Users/jcraster/Java_Bootcamp/Java_Bootcamp._Day08-0-develop/src/ex02/Service/target/surefire 2023-03-24T14-43-03_282-jvmRun1 surefire5824829189972903965tmp surefire_05001058281548152637tmp"/>
    <property name="http.nonProxyHosts" value="local|*.local|169.254/16|*.169.254/16"/>
    <property name="jdk.debug" value="release"/>
    <property name="surefire.test.class.path" value="/Users/jcraster/Java_Bootcamp/Java_Bootcamp._Day08-0-develop/src/ex02/Service/target/test-classes:/Users/jcraster/Java_Bootcamp/Java_Bootcamp._Day08-0-develop/src/ex02/Service/target/classes:/Users/jcraster/.m2/repository/org/projectlombok/lombok/1.18.26/lombok-1.18.26.jar:/Users/jcraster/.m2/repository/org/springframework/spring-context/6.0.6/spring-context-6.0.6.jar:/Users/jcraster/.m2/repository/org/springframework/spring-aop/6.0.6/spring-aop-6.0.6.jar:/Users/jcraster/.m2/repository/org/springframework/spring-beans/6.0.6/spring-beans-6.0.6.jar:/Users/jcraster/.m2/repository/org/springframework/spring-core/6.0.6/spring-core-6.0.6.jar:/Users/jcraster/.m2/repository/org/springframework/spring-jcl/6.0.6/spring-jcl-6.0.6.jar:/Users/jcraster/.m2/repository/org/springframework/spring-expression/6.0.6/spring-expression-6.0.6.jar:/Users/jcraster/.m2/repository/org/springframework/spring-jdbc/6.0.6/spring-jdbc-6.0.6.jar:/Users/jcraster/.m2/repository/org/springframework/spring-tx/6.0.6/spring-tx-6.0.6.jar:/Users/jcraster/.m2/repository/org/postgresql/postgresql/42.5.4/postgresql-42.5.4.jar:/Users/jcraster/.m2/repository/org/checkerframework/checker-qual/3.5.0/checker-qual-3.5.0.jar:/Users/jcraster/.m2/repository/com/zaxxer/HikariCP/5.0.1/HikariCP-5.0.1.jar:/Users/jcraster/.m2/repository/org/slf4j/slf4j-simple/2.0.5/slf4j-simple-2.0.5.jar:/Users/jcraster/.m2/repository/org/junit/jupiter/junit-jupiter-engine/5.9.2/junit-jupiter-engine-5.9.2.jar:/Users/jcraster/.m2/repository/org/junit/platform/junit-platform-engine/1.9.2/junit-platform-engine-1.9.2.jar:/Users/jcraster/.m2/repository/org/apiguardian/apiguardian-api/1.1.2/apiguardian-api-1.1.2.jar:/Users/jcraster/.m2/repository/org/junit/jupiter/junit-jupiter-params/5.9.2/junit-jupiter-params-5.9.2.jar:/Users/jcraster/.m2/repository/org/junit/jupiter/junit-jupiter-api/5.9.2/junit-jupiter-api-5.9.2.jar:/Users/jcraster/.m2/repository/org/opentest4j/opentest4j/1.2.0/opentest4j-1.2.0.jar:/Users/jcraster/.m2/repository/org/junit/platform/junit-platform-commons/1.9.2/junit-platform-commons-1.9.2.jar:/Users/jcraster/.m2/repository/org/slf4j/slf4j-api/2.0.5/slf4j-api-2.0.5.jar:/Users/jcraster/.m2/repository/org/hsqldb/hsqldb/2.7.1/hsqldb-2.7.1.jar:"/>
    <property name="sun.cpu.endian" value="little"/>
    <property name="user.home" value="/Users/jcraster"/>
    <property name="user.language" value="en"/>
    <property name="java.specification.vendor" value="Oracle Corporation"/>
    <property name="java.version.date" value="2022-04-22"/>
    <property name="java.home" value="/Library/Java/JavaVirtualMachines/jdk-18.0.1.1.jdk/Contents/Home"/>
    <property name="file.separator" value="/"/>
    <property name="basedir" value="/Users/jcraster/Java_Bootcamp/Java_Bootcamp._Day08-0-develop/src/ex02/Service"/>
    <property name="java.vm.compressedOopsMode" value="Zero based"/>
    <property name="line.separator" value="&#10;"/>
    <property name="java.vm.specification.vendor" value="Oracle Corporation"/>
    <property name="java.specification.name" value="Java Platform API Specification"/>
    <property name="apple.awt.application.name" value="ForkedBooter"/>
    <property name="surefire.real.class.path" value="/Users/jcraster/Java_Bootcamp/Java_Bootcamp._Day08-0-develop/src/ex02/Service/target/surefire/surefirebooter4823659403533694405.jar"/>
    <property name="sun.management.compiler" value="HotSpot 64-Bit Tiered Compilers"/>
    <property name="ftp.nonProxyHosts" value="local|*.local|169.254/16|*.169.254/16"/>
    <property name="java.runtime.version" value="18.0.1.1+2-6"/>
    <property name="user.name" value="jcraster"/>
    <property name="path.separator" value=":"/>
    <property name="os.version" value="11.4"/>
    <property name="java.runtime.name" value="Java(TM) SE Runtime Environment"/>
    <property name="file.encoding" value="UTF-8"/>
    <property name="java.vm.name" value="Java HotSpot(TM) 64-Bit Server VM"/>
    <property name="localRepository" value="/Users/jcraster/.m2/repository"/>
    <property name="java.vendor.url.bug" value="https://bugreport.java.com/bugreport/"/>
    <property name="java.io.tmpdir" value="/var/folders/zz/zyxvpxvq6csfxvn_n000cbfc0032vl/T/"/>
    <property name="idea.version" value="2022.3.3"/>
    <property name="java.version" value="18.0.1.1"/>
    <property name="user.dir" value="/Users/jcraster/Java_Bootcamp/Java_Bootcamp._Day08-0-develop/src/ex02/Service"/>
    <property name="os.arch" value="x86_64"/>
    <property name="java.vm.specification.name" value="Java Virtual Machine Specification"/>
    <property name="native.encoding" value="UTF-8"/>
    <property name="java.library.path" value="/Users/jcraster/Library/Java/Extensions:/Library/Java/Extensions:/Network/Library/Java/Extensions:/System/Library/Java/Extensions:/usr/lib/java:."/>
    <property name="java.vm.info" value="mixed mode, sharing"/>
    <property name="java.vendor" value="Oracle Corporation"/>
    <property name="java.vm.version" value="18.0.1.1+2-6"/>
    <property name="sun.io.unicode.encoding" value="UnicodeBig"/>
    <property name="socksNonProxyHosts" value="local|*.local|169.254/16|*.169.254/16"/>
    <property name="java.class.version" value="62.0"/>
  </properties>
  <testcase name="getConnection" classname="school21.spring.service.services.UsersServiceImplTest" time="0.011">
    <system-err><![CDATA[[main] INFO org.springframework.jdbc.datasource.embedded.EmbeddedDatabaseFactory - Starting embedded database: url='jdbc:hsqldb:mem:testdb', username='sa'
]]></system-err>
  </testcase>
  <testcase name="isSignedUp(String)[1]" classname="school21.spring.service.services.UsersServiceImplTest" time="0.016">
    <system-err><![CDATA[unexpected token : FC4845A7 required: )
]]></system-err>
  </testcase>
  <testcase name="isSignedUp(String)[2]" classname="school21.spring.service.services.UsersServiceImplTest" time="0.001">
    <system-err><![CDATA[unexpected token : BDE39200 required: )
]]></system-err>
  </testcase>
  <testcase name="isSignedUp(String)[3]" classname="school21.spring.service.services.UsersServiceImplTest" time="0.002">
    <system-err><![CDATA[unexpected token : 355 required: )
]]></system-err>
  </testcase>
  <testcase name="isSignedUpTemplate(String)[1]" classname="school21.spring.service.services.UsersServiceImplTest" time="0.01"/>
  <testcase name="isSignedUpTemplate(String)[2]" classname="school21.spring.service.services.UsersServiceImplTest" time="0.001"/>
  <testcase name="isSignedUpTemplate(String)[3]" classname="school21.spring.service.services.UsersServiceImplTest" time="0.002"/>
</testsuite>